#
# A fatal error has been detected by the Java Runtime Environment:
#
#  EXCEPTION_ACCESS_VIOLATION (0xc0000005) at pc=0x000000000288541d, pid=12128, tid=0x0000000000001944
#
# JRE version: OpenJDK Runtime Environment (8.0_242-b01) (build 1.8.0_242-release-1644-b01)
# Java VM: OpenJDK 64-Bit Server VM (25.242-b01 mixed mode windows-amd64 compressed oops)
# Problematic frame:
# J 776 C2 java.util.HashSet.add(Ljava/lang/Object;)Z (20 bytes) @ 0x000000000288541d [0x00000000028853c0+0x5d]
#
# Failed to write core dump. Minidumps are not enabled by default on client versions of Windows
#
# If you would like to submit a bug report, please visit:
#   
#

---------------  T H R E A D  ---------------

Current thread (0x000000001e56f800):  JavaThread "Build operations Thread 2" [_thread_in_Java, id=6468, stack(0x0000000021bd0000,0x0000000021cd0000)]

siginfo: ExceptionCode=0xc0000005, reading address 0x00000000af5b0968

Registers:
RAX=0x0000000016a8bfe0, RBX=0x00000000af5b0960, RCX=0x0000000016800640, RDX=0x00000000dd5bc4e0
RSP=0x0000000021ccbf20, RBP=0x0000000021ccbfc0, RSI=0x00000000dd5bc538, RDI=0x0000000029c7feb8
R8 =0x00000000af5b0960, R9 =0x00000000dd5bc4f0, R10=0x00000000dd5bc4f0, R11=0x00000000dd5bc4f0
R12=0x0000000000000000, R13=0x0000000021ccbf70, R14=0x0000000000000000, R15=0x000000001e56f800
RIP=0x000000000288541d, EFLAGS=0x0000000000010246

Top of Stack: (sp=0x0000000021ccbf20)
0x0000000021ccbf20:   00000000dd5bc4f0 0000000080000d28
0x0000000021ccbf30:   0000000021ccbfc0 000000000258809d
0x0000000021ccbf40:   0000000021ccbfc0 000000000258809d
0x0000000021ccbf50:   0000000021ccbfc0 0000000002587870
0x0000000021ccbf60:   0000000021ccbfc0 0000000002587870
0x0000000021ccbf70:   00000000af5b0960 00000000dd5bc4e0
0x0000000021ccbf80:   0000000021ccbf80 0000000029b1a45c
0x0000000021ccbf90:   0000000021ccbfe0 0000000029b1a7c8
0x0000000021ccbfa0:   0000000000000000 0000000029b1a4a8
0x0000000021ccbfb0:   0000000021ccbf70 0000000021ccbff0
0x0000000021ccbfc0:   0000000021ccc138 00000000037bc5b4
0x0000000021ccbfd0:   00000000af5b0960 00000000dd5b74a0
0x0000000021ccbfe0:   00000000dd5bc538 00000000037bc5b4
0x0000000021ccbff0:   0000000021ccc138 00000000031939cc
0x0000000021ccc000:   000000010021cff8 00000000dd5ae798
0x0000000021ccc010:   00000000dd5b74a0 00000000dd5bc538 

Instructions: (pc=0x000000000288541d)
0x00000000028853fd:   00 00 00 00 41 81 f9 92 51 00 20 74 7c 41 81 f9
0x000000000288540d:   57 36 00 20 0f 85 31 01 00 00 4d 8b cb 49 8b d8
0x000000000288541d:   45 8b 50 08 49 c1 e2 03 4d 8b 92 c0 01 00 00 4c
0x000000000288542d:   3b d1 0f 85 ec 00 00 00 4d 8b 10 4d 8b da 49 83 


Register to memory mapping:

RAX={method} {0x0000000016a8bfe8} 'add' '(Ljava/lang/Object;)Z' in 'java/util/HashSet'
RBX=0x00000000af5b0960 is an unallocated location in the heap
RCX={method} {0x0000000016800648} 'hashCode' '()I' in 'java/lang/Object'
RDX=0x00000000dd5bc4e0 is an oop
java.util.HashSet 
 - klass: 'java/util/HashSet'
RSP=0x0000000021ccbf20 is pointing into the stack for thread: 0x000000001e56f800
RBP=0x0000000021ccbfc0 is pointing into the stack for thread: 0x000000001e56f800
RSI=0x00000000dd5bc538 is an oop
org.gradle.internal.fingerprint.impl.AbsolutePathFingerprintingStrategy$1 
 - klass: 'org/gradle/internal/fingerprint/impl/AbsolutePathFingerprintingStrategy$1'
RDI=0x0000000029c7feb8 is pointing into metadata
R8 =0x00000000af5b0960 is an unallocated location in the heap
R9 =0x00000000dd5bc4f0 is an oop
java.util.HashMap 
 - klass: 'java/util/HashMap'
R10=0x00000000dd5bc4f0 is an oop
java.util.HashMap 
 - klass: 'java/util/HashMap'
R11=0x00000000dd5bc4f0 is an oop
java.util.HashMap 
 - klass: 'java/util/HashMap'
R12=0x0000000000000000 is an unknown value
R13=0x0000000021ccbf70 is pointing into the stack for thread: 0x000000001e56f800
R14=0x0000000000000000 is an unknown value
R15=0x000000001e56f800 is a thread


Stack: [0x0000000021bd0000,0x0000000021cd0000],  sp=0x0000000021ccbf20,  free space=1007k
Native frames: (J=compiled Java code, j=interpreted, Vv=VM code, C=native code)
C  0x000000000288541d


---------------  P R O C E S S  ---------------

Java Threads: ( => current thread )
  0x000000001db78800 JavaThread "WorkerExecutor Queue" [_thread_blocked, id=12520, stack(0x000000002a0b0000,0x000000002a1b0000)]
  0x000000001db76800 JavaThread "Cache worker for execution history cache (H:\1 Lambton MADT\Advanced Android\contact_ranjana_C093794_android\.gradle\6.5\executionHistory)" [_thread_blocked, id=13924, stack(0x00000000299f0000,0x0000000029af0000)]
  0x000000001db74000 JavaThread "Execution worker for ':' Thread 3" [_thread_blocked, id=8468, stack(0x00000000298f0000,0x00000000299f0000)]
  0x000000001db77000 JavaThread "Execution worker for ':' Thread 2" [_thread_blocked, id=13296, stack(0x0000000029260000,0x0000000029360000)]
  0x000000001db75800 JavaThread "Execution worker for ':'" [_thread_blocked, id=14532, stack(0x0000000028d10000,0x0000000028e10000)]
  0x000000001d402000 JavaThread "Cache worker for file content cache (H:\1 Lambton MADT\Advanced Android\contact_ranjana_C093794_android\.gradle\6.5\fileContent)" [_thread_blocked, id=4396, stack(0x00000000293f0000,0x00000000294f0000)]
  0x000000001d400000 JavaThread "Memory manager" [_thread_blocked, id=13768, stack(0x0000000028330000,0x0000000028430000)]
  0x000000001d400800 JavaThread "pool-1-thread-1" [_thread_blocked, id=11768, stack(0x0000000027cd0000,0x0000000027dd0000)]
  0x000000001d3ff000 JavaThread "Cache worker for Build Output Cleanup Cache (H:\1 Lambton MADT\Advanced Android\contact_ranjana_C093794_android\.gradle\buildOutputCleanup)" [_thread_blocked, id=11856, stack(0x0000000027e30000,0x0000000027f30000)]
  0x000000001d3fe800 JavaThread "jar transforms Thread 92" [_thread_blocked, id=15100, stack(0x00000000279d0000,0x0000000027ad0000)]
  0x000000001d3fd800 JavaThread "jar transforms Thread 91" [_thread_blocked, id=6568, stack(0x00000000278d0000,0x00000000279d0000)]
  0x000000001d3f7000 JavaThread "jar transforms Thread 90" [_thread_blocked, id=12392, stack(0x00000000277d0000,0x00000000278d0000)]
  0x000000001d3f6000 JavaThread "jar transforms Thread 89" [_thread_blocked, id=11192, stack(0x00000000276d0000,0x00000000277d0000)]
  0x000000001d3fd000 JavaThread "jar transforms Thread 88" [_thread_blocked, id=7112, stack(0x00000000275d0000,0x00000000276d0000)]
  0x000000001d3f5800 JavaThread "jar transforms Thread 87" [_thread_blocked, id=7448, stack(0x00000000274d0000,0x00000000275d0000)]
  0x000000001d3fc000 JavaThread "jar transforms Thread 86" [_thread_blocked, id=12736, stack(0x00000000273d0000,0x00000000274d0000)]
  0x000000001d3f9000 JavaThread "jar transforms Thread 85" [_thread_blocked, id=10544, stack(0x00000000272d0000,0x00000000273d0000)]
  0x000000001d3fb800 JavaThread "jar transforms Thread 84" [_thread_blocked, id=13592, stack(0x00000000271d0000,0x00000000272d0000)]
  0x000000001d3fa800 JavaThread "jar transforms Thread 83" [_thread_blocked, id=8036, stack(0x00000000270d0000,0x00000000271d0000)]
  0x000000001d3f4800 JavaThread "jar transforms Thread 82" [_thread_blocked, id=13376, stack(0x0000000026fd0000,0x00000000270d0000)]
  0x000000001d3f4000 JavaThread "jar transforms Thread 81" [_thread_blocked, id=12776, stack(0x0000000026ed0000,0x0000000026fd0000)]
  0x000000001d3f8800 JavaThread "jar transforms Thread 80" [_thread_blocked, id=14040, stack(0x0000000026dd0000,0x0000000026ed0000)]
  0x000000001d3fa000 JavaThread "jar transforms Thread 79" [_thread_blocked, id=14612, stack(0x0000000026cd0000,0x0000000026dd0000)]
  0x0000000020476800 JavaThread "jar transforms Thread 78" [_thread_blocked, id=13052, stack(0x0000000026bd0000,0x0000000026cd0000)]
  0x0000000020475000 JavaThread "jar transforms Thread 77" [_thread_blocked, id=5760, stack(0x0000000026ad0000,0x0000000026bd0000)]
  0x0000000020476000 JavaThread "jar transforms Thread 76" [_thread_blocked, id=14812, stack(0x00000000269d0000,0x0000000026ad0000)]
  0x0000000020474800 JavaThread "jar transforms Thread 75" [_thread_blocked, id=15172, stack(0x00000000268d0000,0x00000000269d0000)]
  0x0000000020473800 JavaThread "jar transforms Thread 74" [_thread_blocked, id=7792, stack(0x00000000267d0000,0x00000000268d0000)]
  0x000000002046f000 JavaThread "jar transforms Thread 73" [_thread_blocked, id=11312, stack(0x00000000266d0000,0x00000000267d0000)]
  0x0000000020473000 JavaThread "jar transforms Thread 72" [_thread_blocked, id=6356, stack(0x00000000265d0000,0x00000000266d0000)]
  0x0000000020470000 JavaThread "jar transforms Thread 71" [_thread_blocked, id=15268, stack(0x00000000264d0000,0x00000000265d0000)]
  0x0000000020472000 JavaThread "jar transforms Thread 70" [_thread_blocked, id=13368, stack(0x00000000263d0000,0x00000000264d0000)]
  0x000000002046a800 JavaThread "jar transforms Thread 69" [_thread_blocked, id=10500, stack(0x00000000262d0000,0x00000000263d0000)]
  0x000000002046b800 JavaThread "jar transforms Thread 68" [_thread_blocked, id=8268, stack(0x00000000261d0000,0x00000000262d0000)]
  0x000000002046e800 JavaThread "jar transforms Thread 67" [_thread_blocked, id=12752, stack(0x00000000260d0000,0x00000000261d0000)]
  0x0000000020470800 JavaThread "jar transforms Thread 66" [_thread_blocked, id=12224, stack(0x0000000025fd0000,0x00000000260d0000)]
  0x0000000020471800 JavaThread "jar transforms Thread 65" [_thread_blocked, id=13884, stack(0x0000000025ed0000,0x0000000025fd0000)]
  0x0000000020467800 JavaThread "jar transforms Thread 64" [_thread_blocked, id=12516, stack(0x0000000025dd0000,0x0000000025ed0000)]
  0x000000002046d800 JavaThread "jar transforms Thread 63" [_thread_blocked, id=14976, stack(0x0000000025cd0000,0x0000000025dd0000)]
  0x0000000020468800 JavaThread "jar transforms Thread 62" [_thread_blocked, id=1924, stack(0x0000000025bd0000,0x0000000025cd0000)]
  0x000000002046d000 JavaThread "jar transforms Thread 61" [_thread_blocked, id=6344, stack(0x0000000025ad0000,0x0000000025bd0000)]
  0x000000002046a000 JavaThread "jar transforms Thread 60" [_thread_blocked, id=9304, stack(0x00000000259d0000,0x0000000025ad0000)]
  0x0000000020469000 JavaThread "jar transforms Thread 59" [_thread_blocked, id=10400, stack(0x00000000258d0000,0x00000000259d0000)]
  0x000000002046c000 JavaThread "jar transforms Thread 58" [_thread_blocked, id=12132, stack(0x00000000257d0000,0x00000000258d0000)]
  0x000000001b127000 JavaThread "jar transforms Thread 57" [_thread_blocked, id=6656, stack(0x00000000256d0000,0x00000000257d0000)]
  0x000000001b126800 JavaThread "jar transforms Thread 56" [_thread_blocked, id=14884, stack(0x00000000255d0000,0x00000000256d0000)]
  0x000000001b124000 JavaThread "jar transforms Thread 55" [_thread_blocked, id=4764, stack(0x00000000254d0000,0x00000000255d0000)]
  0x000000001b125000 JavaThread "jar transforms Thread 54" [_thread_blocked, id=13856, stack(0x00000000253d0000,0x00000000254d0000)]
  0x000000001b123800 JavaThread "jar transforms Thread 53" [_thread_blocked, id=11864, stack(0x00000000252d0000,0x00000000253d0000)]
  0x000000001b122800 JavaThread "jar transforms Thread 52" [_thread_blocked, id=5768, stack(0x00000000251d0000,0x00000000252d0000)]
  0x000000001b125800 JavaThread "jar transforms Thread 51" [_thread_blocked, id=15152, stack(0x00000000250d0000,0x00000000251d0000)]
  0x000000001b11b000 JavaThread "jar transforms Thread 50" [_thread_blocked, id=5968, stack(0x0000000024fd0000,0x00000000250d0000)]
  0x000000001b122000 JavaThread "jar transforms Thread 49" [_thread_blocked, id=11732, stack(0x0000000024ed0000,0x0000000024fd0000)]
  0x000000001b11a800 JavaThread "jar transforms Thread 48" [_thread_blocked, id=12576, stack(0x0000000024dd0000,0x0000000024ed0000)]
  0x000000001b121000 JavaThread "jar transforms Thread 47" [_thread_blocked, id=13624, stack(0x0000000024cd0000,0x0000000024dd0000)]
  0x000000001b119800 JavaThread "jar transforms Thread 46" [_thread_blocked, id=9212, stack(0x0000000024bd0000,0x0000000024cd0000)]
  0x000000001b120800 JavaThread "jar transforms Thread 45" [_thread_blocked, id=8440, stack(0x0000000024ad0000,0x0000000024bd0000)]
  0x000000001b119000 JavaThread "jar transforms Thread 44" [_thread_blocked, id=10376, stack(0x00000000249d0000,0x0000000024ad0000)]
  0x000000001b11f800 JavaThread "jar transforms Thread 43" [_thread_blocked, id=15004, stack(0x00000000248d0000,0x00000000249d0000)]
  0x000000001b118000 JavaThread "jar transforms Thread 42" [_thread_blocked, id=7500, stack(0x00000000247d0000,0x00000000248d0000)]
  0x000000001b11f000 JavaThread "jar transforms Thread 41" [_thread_blocked, id=13848, stack(0x00000000246d0000,0x00000000247d0000)]
  0x000000001b11c800 JavaThread "jar transforms Thread 40" [_thread_blocked, id=5748, stack(0x00000000245d0000,0x00000000246d0000)]
  0x000000001b11d800 JavaThread "jar transforms Thread 39" [_thread_blocked, id=12492, stack(0x00000000244d0000,0x00000000245d0000)]
  0x000000001b11c000 JavaThread "jar transforms Thread 38" [_thread_blocked, id=4248, stack(0x00000000243d0000,0x00000000244d0000)]
  0x000000001b11e000 JavaThread "jar transforms Thread 37" [_thread_blocked, id=13124, stack(0x00000000242d0000,0x00000000243d0000)]
  0x000000001b18b000 JavaThread "jar transforms Thread 36" [_thread_blocked, id=13096, stack(0x00000000241d0000,0x00000000242d0000)]
  0x000000001b18b800 JavaThread "jar transforms Thread 35" [_thread_blocked, id=14792, stack(0x00000000240d0000,0x00000000241d0000)]
  0x000000001b18a000 JavaThread "jar transforms Thread 34" [_thread_blocked, id=10296, stack(0x0000000023fd0000,0x00000000240d0000)]
  0x000000001b189000 JavaThread "jar transforms Thread 33" [_thread_blocked, id=12880, stack(0x0000000023ed0000,0x0000000023fd0000)]
  0x000000001b18f800 JavaThread "jar transforms Thread 32" [_thread_blocked, id=14160, stack(0x0000000023dd0000,0x0000000023ed0000)]
  0x000000001b18d000 JavaThread "jar transforms Thread 31" [_thread_blocked, id=12260, stack(0x0000000023cd0000,0x0000000023dd0000)]
  0x000000001b188800 JavaThread "jar transforms Thread 30" [_thread_blocked, id=1088, stack(0x0000000023bd0000,0x0000000023cd0000)]
  0x000000001b18c800 JavaThread "jar transforms Thread 29" [_thread_blocked, id=1748, stack(0x0000000023ad0000,0x0000000023bd0000)]
  0x000000001b18e000 JavaThread "jar transforms Thread 28" [_thread_blocked, id=11552, stack(0x00000000239d0000,0x0000000023ad0000)]
  0x000000001b18e800 JavaThread "jar transforms Thread 27" [_thread_blocked, id=5212, stack(0x00000000238d0000,0x00000000239d0000)]
  0x000000001b181000 JavaThread "jar transforms Thread 26" [_thread_blocked, id=15092, stack(0x00000000237d0000,0x00000000238d0000)]
  0x000000001b181800 JavaThread "jar transforms Thread 25" [_thread_blocked, id=10940, stack(0x00000000236d0000,0x00000000237d0000)]
  0x000000001b187800 JavaThread "jar transforms Thread 24" [_thread_blocked, id=10112, stack(0x00000000235d0000,0x00000000236d0000)]
  0x000000001b183000 JavaThread "jar transforms Thread 23" [_thread_blocked, id=11680, stack(0x00000000234d0000,0x00000000235d0000)]
  0x000000001b182800 JavaThread "jar transforms Thread 22" [_thread_blocked, id=13448, stack(0x00000000233d0000,0x00000000234d0000)]
  0x000000001b180000 JavaThread "jar transforms Thread 21" [_thread_blocked, id=14500, stack(0x00000000232d0000,0x00000000233d0000)]
  0x000000001b187000 JavaThread "jar transforms Thread 20" [_thread_blocked, id=11236, stack(0x00000000231d0000,0x00000000232d0000)]
  0x000000001b186000 JavaThread "jar transforms Thread 19" [_thread_blocked, id=1848, stack(0x00000000230d0000,0x00000000231d0000)]
  0x000000001b185800 JavaThread "jar transforms Thread 18" [_thread_blocked, id=13784, stack(0x0000000022fd0000,0x00000000230d0000)]
  0x000000001b184800 JavaThread "jar transforms Thread 17" [_thread_blocked, id=3104, stack(0x0000000022ed0000,0x0000000022fd0000)]
  0x000000001b184000 JavaThread "jar transforms Thread 16" [_thread_blocked, id=14052, stack(0x0000000022dd0000,0x0000000022ed0000)]
  0x000000001e57a000 JavaThread "jar transforms Thread 15" [_thread_blocked, id=11416, stack(0x0000000022cd0000,0x0000000022dd0000)]
  0x000000001e579800 JavaThread "jar transforms Thread 14" [_thread_blocked, id=11376, stack(0x0000000022bd0000,0x0000000022cd0000)]
  0x000000001e578800 JavaThread "jar transforms Thread 13" [_thread_blocked, id=12616, stack(0x0000000022ad0000,0x0000000022bd0000)]
  0x000000001e578000 JavaThread "jar transforms Thread 12" [_thread_blocked, id=13388, stack(0x00000000229d0000,0x0000000022ad0000)]
  0x000000001e576800 JavaThread "jar transforms Thread 11" [_thread_blocked, id=11808, stack(0x00000000228d0000,0x00000000229d0000)]
  0x000000001e577000 JavaThread "jar transforms Thread 10" [_thread_blocked, id=13484, stack(0x00000000226d0000,0x00000000227d0000)]
  0x000000001e56f000 JavaThread "jar transforms Thread 9" [_thread_blocked, id=13620, stack(0x00000000225d0000,0x00000000226d0000)]
  0x000000001e575800 JavaThread "jar transforms Thread 8" [_thread_blocked, id=7548, stack(0x00000000224d0000,0x00000000225d0000)]
  0x000000001e575000 JavaThread "jar transforms Thread 7" [_thread_blocked, id=400, stack(0x00000000223d0000,0x00000000224d0000)]
  0x000000001e570800 JavaThread "jar transforms Thread 6" [_thread_blocked, id=7204, stack(0x00000000222d0000,0x00000000223d0000)]
  0x000000001e56d800 JavaThread "jar transforms Thread 5" [_thread_blocked, id=12912, stack(0x00000000221d0000,0x00000000222d0000)]
  0x000000001e573800 JavaThread "jar transforms Thread 4" [_thread_blocked, id=14476, stack(0x00000000220d0000,0x00000000221d0000)]
  0x000000001e574000 JavaThread "jar transforms Thread 3" [_thread_blocked, id=1076, stack(0x0000000021fd0000,0x00000000220d0000)]
  0x000000001e572800 JavaThread "jar transforms Thread 2" [_thread_blocked, id=14952, stack(0x0000000021ed0000,0x0000000021fd0000)]
  0x000000001e571000 JavaThread "Build operations Thread 4" [_thread_blocked, id=14328, stack(0x0000000021dd0000,0x0000000021ed0000)]
  0x000000001e56e000 JavaThread "Build operations Thread 3" [_thread_blocked, id=10492, stack(0x0000000021cd0000,0x0000000021dd0000)]
=>0x000000001e56f800 JavaThread "Build operations Thread 2" [_thread_in_Java, id=6468, stack(0x0000000021bd0000,0x0000000021cd0000)]
  0x000000001e56c800 JavaThread "Build operations" [_thread_blocked, id=13416, stack(0x0000000021ad0000,0x0000000021bd0000)]
  0x000000001b108000 JavaThread "Cache worker for file content cache (C:\Users\hp\.gradle\caches\6.5\fileContent)" [_thread_blocked, id=10724, stack(0x00000000213d0000,0x00000000214d0000)]
  0x000000001b106800 JavaThread "jar transforms" [_thread_blocked, id=11528, stack(0x00000000212d0000,0x00000000213d0000)]
  0x000000001b10a000 JavaThread "Cache worker for execution history cache (C:\Users\hp\.gradle\caches\6.5\executionHistory)" [_thread_blocked, id=10396, stack(0x000000001fbb0000,0x000000001fcb0000)]
  0x000000001b104000 JavaThread "Cache worker for cache directory md-rule (C:\Users\hp\.gradle\caches\6.5\md-rule)" [_thread_blocked, id=14512, stack(0x000000001fab0000,0x000000001fbb0000)]
  0x000000001b109800 JavaThread "Cache worker for cache directory md-supplier (C:\Users\hp\.gradle\caches\6.5\md-supplier)" [_thread_blocked, id=5800, stack(0x000000001f9b0000,0x000000001fab0000)]
  0x000000001b107000 JavaThread "Cache worker for checksums cache (H:\1 Lambton MADT\Advanced Android\contact_ranjana_C093794_android\.gradle\checksums)" [_thread_blocked, id=10772, stack(0x000000001f8b0000,0x000000001f9b0000)]
  0x000000001b10b000 JavaThread "Cache worker for file hash cache (H:\1 Lambton MADT\Advanced Android\contact_ranjana_C093794_android\.gradle\6.5\fileHashes)" [_thread_blocked, id=12844, stack(0x000000001f5b0000,0x000000001f6b0000)]
  0x000000001b105000 JavaThread "Cache worker for file hash cache (C:\Users\hp\.gradle\caches\6.5\fileHashes)" [_thread_in_Java, id=10120, stack(0x000000001e0e0000,0x000000001e1e0000)]
  0x000000001b105800 JavaThread "File lock request listener" [_thread_in_native, id=6216, stack(0x000000001d010000,0x000000001d110000)]
  0x000000001adab800 JavaThread "Cache worker for journal cache (C:\Users\hp\.gradle\caches\journal-1)" [_thread_blocked, id=14524, stack(0x000000001cf10000,0x000000001d010000)]
  0x000000001ad60800 JavaThread "Thread-9" [_thread_blocked, id=14540, stack(0x000000001cc10000,0x000000001cd10000)]
  0x000000001ad6f800 JavaThread "Stdin handler" [_thread_blocked, id=12984, stack(0x000000001cb10000,0x000000001cc10000)]
  0x000000001ad6d000 JavaThread "Asynchronous log dispatcher for DefaultDaemonConnection: socket connection from /127.0.0.1:64881 to /127.0.0.1:64882" [_thread_blocked, id=14920, stack(0x000000001ca10000,0x000000001cb10000)]
  0x000000001ad75000 JavaThread "Daemon worker" [_thread_blocked, id=13264, stack(0x000000001c910000,0x000000001ca10000)]
  0x000000001ad74800 JavaThread "Cancel handler" [_thread_blocked, id=12560, stack(0x000000001c810000,0x000000001c910000)]
  0x000000001ad46800 JavaThread "Handler for socket connection from /127.0.0.1:64881 to /127.0.0.1:64882" [_thread_in_native, id=6220, stack(0x000000001c510000,0x000000001c610000)]
  0x000000001ad46000 JavaThread "Daemon" [_thread_blocked, id=9268, stack(0x000000001c410000,0x000000001c510000)]
  0x000000001ad3b000 JavaThread "Daemon periodic checks" [_thread_blocked, id=12660, stack(0x000000001c310000,0x000000001c410000)]
  0x000000001acd3000 JavaThread "Incoming local TCP Connector on port 64881" [_thread_in_native, id=11320, stack(0x000000001c0d0000,0x000000001c1d0000)]
  0x000000001ac7a800 JavaThread "Daemon health stats" [_thread_blocked, id=14128, stack(0x000000001ba90000,0x000000001bb90000)]
  0x0000000018b28800 JavaThread "Service Thread" daemon [_thread_blocked, id=15068, stack(0x0000000018ef0000,0x0000000018ff0000)]
  0x00000000171b8800 JavaThread "C1 CompilerThread2" daemon [_thread_blocked, id=5384, stack(0x00000000189f0000,0x0000000018af0000)]
  0x00000000171a9000 JavaThread "C2 CompilerThread1" daemon [_thread_blocked, id=13160, stack(0x00000000188f0000,0x00000000189f0000)]
  0x00000000171a2000 JavaThread "C2 CompilerThread0" daemon [_thread_blocked, id=12528, stack(0x00000000187f0000,0x00000000188f0000)]
  0x00000000171a0800 JavaThread "Attach Listener" daemon [_thread_blocked, id=14364, stack(0x00000000186f0000,0x00000000187f0000)]
  0x00000000171a5000 JavaThread "Signal Dispatcher" daemon [_thread_blocked, id=14496, stack(0x00000000185f0000,0x00000000186f0000)]
  0x000000000257b800 JavaThread "Finalizer" daemon [_thread_blocked, id=13144, stack(0x00000000183f0000,0x00000000184f0000)]
  0x0000000017189000 JavaThread "Reference Handler" daemon [_thread_blocked, id=1264, stack(0x00000000182f0000,0x00000000183f0000)]
  0x000000000247d800 JavaThread "main" [_thread_blocked, id=7852, stack(0x0000000002330000,0x0000000002430000)]

Other Threads:
  0x0000000017166800 VMThread [stack: 0x00000000181f0000,0x00000000182f0000] [id=4456]
  0x00000000171fe000 WatcherThread [stack: 0x0000000018ff0000,0x00000000190f0000] [id=13344]

VM state:not at safepoint (normal execution)

VM Mutex/Monitor currently owned by a thread: None

heap address: 0x0000000080000000, size: 2048 MB, Compressed Oops mode: 32-bit
Narrow klass base: 0x0000000000000000, Narrow klass shift: 3
Compressed class space size: 1073741824 Address: 0x0000000100000000

Heap:
 PSYoungGen      total 324096K, used 138716K [0x00000000d5580000, 0x00000000eba00000, 0x0000000100000000)
  eden space 303616K, 45% used [0x00000000d5580000,0x00000000ddcf70d8,0x00000000e7e00000)
  from space 20480K, 0% used [0x00000000e9800000,0x00000000e9800000,0x00000000eac00000)
  to   space 26624K, 0% used [0x00000000e7e00000,0x00000000e7e00000,0x00000000e9800000)
 ParOldGen       total 229376K, used 39773K [0x0000000080000000, 0x000000008e000000, 0x00000000d5580000)
  object space 229376K, 17% used [0x0000000080000000,0x00000000826d7410,0x000000008e000000)
 Metaspace       used 63430K, capacity 66358K, committed 66456K, reserved 1105920K
  class space    used 8796K, capacity 9360K, committed 9392K, reserved 1048576K

Card table byte_map: [0x0000000011940000,0x0000000011d50000] byte_map_base: 0x0000000011540000

Marking Bits: (ParMarkBitMap*) 0x000000005b21f030
 Begin Bits: [0x0000000012400000, 0x0000000014400000)
 End Bits:   [0x0000000014400000, 0x0000000016400000)

Polling page: 0x0000000000aa0000

CodeCache: size=245760Kb used=18655Kb max_used=18666Kb free=227104Kb
 bounds [0x0000000002580000, 0x00000000037e0000, 0x0000000011580000]
 total_blobs=6620 nmethods=5836 adapters=697
 compilation: enabled

Compilation events (10 events):
Event: 17.816 Thread 0x00000000171b8800 nmethod 6683 0x00000000037c1890 code [0x00000000037c19e0, 0x00000000037c1af0]
Event: 17.816 Thread 0x00000000171a2000 nmethod 6685 0x00000000037c7610 code [0x00000000037c7740, 0x00000000037c7838]
Event: 17.816 Thread 0x00000000171a9000 nmethod 6676 0x00000000037c3f10 code [0x00000000037c4060, 0x00000000037c4228]
Event: 17.817 Thread 0x00000000171b8800 6686       3       java.util.Arrays::sort (47 bytes)
Event: 17.818 Thread 0x00000000171b8800 nmethod 6686 0x00000000037c36d0 code [0x00000000037c3880, 0x00000000037c3cd8]
Event: 17.818 Thread 0x00000000171b8800 6687       3       org.gradle.internal.vfs.impl.DefaultVirtualFileSystem$$Lambda$106/967378907::get (12 bytes)
Event: 17.819 Thread 0x00000000171b8800 nmethod 6687 0x00000000037c2510 code [0x00000000037c2700, 0x00000000037c30d8]
Event: 17.819 Thread 0x00000000171b8800 6688       3       org.gradle.internal.vfs.impl.DefaultVirtualFileSystem::lambda$readLocation$16 (27 bytes)
Event: 17.820 Thread 0x00000000171b8800 nmethod 6688 0x00000000037c65d0 code [0x00000000037c67c0, 0x00000000037c7118]
Event: 17.820 Thread 0x00000000171b8800 6692   !   3       org.gradle.internal.serialize.kryo.KryoBackedDecoder::readSmallInt (16 bytes)

GC Heap History (10 events):
Event: 8.489 GC heap before
{Heap before GC invocations=7 (full 1):
 PSYoungGen      total 140800K, used 46971K [0x00000000d5580000, 0x00000000e4300000, 0x0000000100000000)
  eden space 130048K, 27% used [0x00000000d5580000,0x00000000d78e2da8,0x00000000dd480000)
  from space 10752K, 99% used [0x00000000dd480000,0x00000000ddefc248,0x00000000ddf00000)
  to   space 15872K, 0% used [0x00000000e3380000,0x00000000e3380000,0x00000000e4300000)
 ParOldGen       total 95744K, used 10362K [0x0000000080000000, 0x0000000085d80000, 0x00000000d5580000)
  object space 95744K, 10% used [0x0000000080000000,0x0000000080a1eb50,0x0000000085d80000)
 Metaspace       used 34322K, capacity 35414K, committed 35496K, reserved 1079296K
  class space    used 4720K, capacity 5002K, committed 5040K, reserved 1048576K
Event: 8.517 GC heap after
Heap after GC invocations=7 (full 1):
 PSYoungGen      total 228352K, used 8324K [0x00000000d5580000, 0x00000000e4700000, 0x0000000100000000)
  eden space 212480K, 0% used [0x00000000d5580000,0x00000000d5580000,0x00000000e2500000)
  from space 15872K, 52% used [0x00000000e3380000,0x00000000e3ba1320,0x00000000e4300000)
  to   space 14848K, 0% used [0x00000000e2500000,0x00000000e2500000,0x00000000e3380000)
 ParOldGen       total 95744K, used 10362K [0x0000000080000000, 0x0000000085d80000, 0x00000000d5580000)
  object space 95744K, 10% used [0x0000000080000000,0x0000000080a1eb50,0x0000000085d80000)
 Metaspace       used 34322K, capacity 35414K, committed 35496K, reserved 1079296K
  class space    used 4720K, capacity 5002K, committed 5040K, reserved 1048576K
}
Event: 8.517 GC heap before
{Heap before GC invocations=8 (full 2):
 PSYoungGen      total 228352K, used 8324K [0x00000000d5580000, 0x00000000e4700000, 0x0000000100000000)
  eden space 212480K, 0% used [0x00000000d5580000,0x00000000d5580000,0x00000000e2500000)
  from space 15872K, 52% used [0x00000000e3380000,0x00000000e3ba1320,0x00000000e4300000)
  to   space 14848K, 0% used [0x00000000e2500000,0x00000000e2500000,0x00000000e3380000)
 ParOldGen       total 95744K, used 10362K [0x0000000080000000, 0x0000000085d80000, 0x00000000d5580000)
  object space 95744K, 10% used [0x0000000080000000,0x0000000080a1eb50,0x0000000085d80000)
 Metaspace       used 34322K, capacity 35414K, committed 35496K, reserved 1079296K
  class space    used 4720K, capacity 5002K, committed 5040K, reserved 1048576K
Event: 8.645 GC heap after
Heap after GC invocations=8 (full 2):
 PSYoungGen      total 228352K, used 0K [0x00000000d5580000, 0x00000000e4700000, 0x0000000100000000)
  eden space 212480K, 0% used [0x00000000d5580000,0x00000000d5580000,0x00000000e2500000)
  from space 15872K, 0% used [0x00000000e3380000,0x00000000e3380000,0x00000000e4300000)
  to   space 14848K, 0% used [0x00000000e2500000,0x00000000e2500000,0x00000000e3380000)
 ParOldGen       total 150016K, used 14675K [0x0000000080000000, 0x0000000089280000, 0x00000000d5580000)
  object space 150016K, 9% used [0x0000000080000000,0x0000000080e54f60,0x0000000089280000)
 Metaspace       used 34322K, capacity 35414K, committed 35496K, reserved 1079296K
  class space    used 4720K, capacity 5002K, committed 5040K, reserved 1048576K
}
Event: 11.294 GC heap before
{Heap before GC invocations=9 (full 2):
 PSYoungGen      total 228352K, used 212480K [0x00000000d5580000, 0x00000000e4700000, 0x0000000100000000)
  eden space 212480K, 100% used [0x00000000d5580000,0x00000000e2500000,0x00000000e2500000)
  from space 15872K, 0% used [0x00000000e3380000,0x00000000e3380000,0x00000000e4300000)
  to   space 14848K, 0% used [0x00000000e2500000,0x00000000e2500000,0x00000000e3380000)
 ParOldGen       total 150016K, used 14675K [0x0000000080000000, 0x0000000089280000, 0x00000000d5580000)
  object space 150016K, 9% used [0x0000000080000000,0x0000000080e54f60,0x0000000089280000)
 Metaspace       used 45379K, capacity 47146K, committed 47528K, reserved 1089536K
  class space    used 6140K, capacity 6481K, committed 6576K, reserved 1048576K
Event: 11.331 GC heap after
Heap after GC invocations=9 (full 2):
 PSYoungGen      total 227328K, used 14846K [0x00000000d5580000, 0x00000000eac00000, 0x0000000100000000)
  eden space 212480K, 0% used [0x00000000d5580000,0x00000000d5580000,0x00000000e2500000)
  from space 14848K, 99% used [0x00000000e2500000,0x00000000e337fa40,0x00000000e3380000)
  to   space 20480K, 0% used [0x00000000e9800000,0x00000000e9800000,0x00000000eac00000)
 ParOldGen       total 150016K, used 21415K [0x0000000080000000, 0x0000000089280000, 0x00000000d5580000)
  object space 150016K, 14% used [0x0000000080000000,0x00000000814e9d50,0x0000000089280000)
 Metaspace       used 45379K, capacity 47146K, committed 47528K, reserved 1089536K
  class space    used 6140K, capacity 6481K, committed 6576K, reserved 1048576K
}
Event: 14.051 GC heap before
{Heap before GC invocations=10 (full 2):
 PSYoungGen      total 227328K, used 152530K [0x00000000d5580000, 0x00000000eac00000, 0x0000000100000000)
  eden space 212480K, 64% used [0x00000000d5580000,0x00000000ddbf5060,0x00000000e2500000)
  from space 14848K, 99% used [0x00000000e2500000,0x00000000e337fa40,0x00000000e3380000)
  to   space 20480K, 0% used [0x00000000e9800000,0x00000000e9800000,0x00000000eac00000)
 ParOldGen       total 150016K, used 21415K [0x0000000080000000, 0x0000000089280000, 0x00000000d5580000)
  object space 150016K, 14% used [0x0000000080000000,0x00000000814e9d50,0x0000000089280000)
 Metaspace       used 56826K, capacity 59116K, committed 59160K, reserved 1099776K
  class space    used 7775K, capacity 8231K, committed 8240K, reserved 1048576K
Event: 14.123 GC heap after
Heap after GC invocations=10 (full 2):
 PSYoungGen      total 324096K, used 20459K [0x00000000d5580000, 0x00000000eba00000, 0x0000000100000000)
  eden space 303616K, 0% used [0x00000000d5580000,0x00000000d5580000,0x00000000e7e00000)
  from space 20480K, 99% used [0x00000000e9800000,0x00000000eabfacc8,0x00000000eac00000)
  to   space 26624K, 0% used [0x00000000e7e00000,0x00000000e7e00000,0x00000000e9800000)
 ParOldGen       total 150016K, used 28928K [0x0000000080000000, 0x0000000089280000, 0x00000000d5580000)
  object space 150016K, 19% used [0x0000000080000000,0x0000000081c400b8,0x0000000089280000)
 Metaspace       used 56826K, capacity 59116K, committed 59160K, reserved 1099776K
  class space    used 7775K, capacity 8231K, committed 8240K, reserved 1048576K
}
Event: 14.123 GC heap before
{Heap before GC invocations=11 (full 3):
 PSYoungGen      total 324096K, used 20459K [0x00000000d5580000, 0x00000000eba00000, 0x0000000100000000)
  eden space 303616K, 0% used [0x00000000d5580000,0x00000000d5580000,0x00000000e7e00000)
  from space 20480K, 99% used [0x00000000e9800000,0x00000000eabfacc8,0x00000000eac00000)
  to   space 26624K, 0% used [0x00000000e7e00000,0x00000000e7e00000,0x00000000e9800000)
 ParOldGen       total 150016K, used 28928K [0x0000000080000000, 0x0000000089280000, 0x00000000d5580000)
  object space 150016K, 19% used [0x0000000080000000,0x0000000081c400b8,0x0000000089280000)
 Metaspace       used 56826K, capacity 59116K, committed 59160K, reserved 1099776K
  class space    used 7775K, capacity 8231K, committed 8240K, reserved 1048576K
Event: 14.451 GC heap after
Heap after GC invocations=11 (full 3):
 PSYoungGen      total 324096K, used 0K [0x00000000d5580000, 0x00000000eba00000, 0x0000000100000000)
  eden space 303616K, 0% used [0x00000000d5580000,0x00000000d5580000,0x00000000e7e00000)
  from space 20480K, 0% used [0x00000000e9800000,0x00000000e9800000,0x00000000eac00000)
  to   space 26624K, 0% used [0x00000000e7e00000,0x00000000e7e00000,0x00000000e9800000)
 ParOldGen       total 229376K, used 39773K [0x0000000080000000, 0x000000008e000000, 0x00000000d5580000)
  object space 229376K, 17% used [0x0000000080000000,0x00000000826d7410,0x000000008e000000)
 Metaspace       used 56807K, capacity 59050K, committed 59160K, reserved 1099776K
  class space    used 7769K, capacity 8220K, committed 8240K, reserved 1048576K
}

Deoptimization events (10 events):
Event: 16.589 Thread 0x000000001db76800 Uncommon trap: reason=bimorphic action=maybe_recompile pc=0x00000000031b2cac method=java.util.Arrays.binarySearch0([Ljava/lang/Object;IILjava/lang/Object;Ljava/util/Comparator;)I @ 48
Event: 16.589 Thread 0x000000001db76800 Uncommon trap: reason=bimorphic action=maybe_recompile pc=0x00000000031c2c0c method=java.util.Arrays.binarySearch0([Ljava/lang/Object;IILjava/lang/Object;Ljava/util/Comparator;)I @ 48
Event: 17.530 Thread 0x000000001e56f800 Uncommon trap: reason=bimorphic action=maybe_recompile pc=0x0000000003194f28 method=java.util.concurrent.ConcurrentHashMap.putVal(Ljava/lang/Object;Ljava/lang/Object;Z)Ljava/lang/Object; @ 192
Event: 17.543 Thread 0x000000001e56c800 Uncommon trap: reason=unstable_if action=reinterpret pc=0x0000000002777f88 method=org.gradle.internal.snapshot.PathUtil.equalChars(CCLorg/gradle/internal/snapshot/CaseSensitivity;)Z @ 11
Event: 17.548 Thread 0x000000001db74000 Uncommon trap: reason=bimorphic action=maybe_recompile pc=0x0000000003194f28 method=java.util.concurrent.ConcurrentHashMap.putVal(Ljava/lang/Object;Ljava/lang/Object;Z)Ljava/lang/Object; @ 192
Event: 17.555 Thread 0x000000001db74000 Uncommon trap: reason=bimorphic action=maybe_recompile pc=0x0000000003194f28 method=java.util.concurrent.ConcurrentHashMap.putVal(Ljava/lang/Object;Ljava/lang/Object;Z)Ljava/lang/Object; @ 192
Event: 17.555 Thread 0x000000001e56e000 Uncommon trap: reason=bimorphic action=maybe_recompile pc=0x0000000003194f28 method=java.util.concurrent.ConcurrentHashMap.putVal(Ljava/lang/Object;Ljava/lang/Object;Z)Ljava/lang/Object; @ 192
Event: 17.591 Thread 0x000000001e56f800 Uncommon trap: reason=unstable_if action=reinterpret pc=0x000000000285113c method=java.lang.String$CaseInsensitiveComparator.compare(Ljava/lang/String;Ljava/lang/String;)I @ 70
Event: 17.781 Thread 0x000000001b10a000 Uncommon trap: reason=unstable_if action=reinterpret pc=0x0000000002d623bc method=com.esotericsoftware.kryo.io.Input.readVarInt(Z)I @ 42
Event: 17.781 Thread 0x000000001b10a000 Uncommon trap: reason=unstable_if action=reinterpret pc=0x0000000002cd5700 method=com.esotericsoftware.kryo.io.Input.readString()Ljava/lang/String; @ 38

Classes redefined (0 events):
No events

Internal exceptions (10 events):
Event: 17.229 Thread 0x000000001db75800 Exception <a 'sun/nio/fs/WindowsException'> (0x00000000dbc42410) thrown at [C:\src\AOSP-openjdk-git\hotspot\src\share\vm\prims\jni.cpp, line 710]
Event: 17.266 Thread 0x000000001db75800 Exception <a 'java/lang/NoSuchMethodError': <clinit>> (0x00000000dbdd2c30) thrown at [C:\src\AOSP-openjdk-git\hotspot\src\share\vm\prims\jni.cpp, line 1615]
Event: 17.268 Thread 0x000000001db75800 Exception <a 'java/lang/NoSuchMethodError': <clinit>> (0x00000000dbde1c10) thrown at [C:\src\AOSP-openjdk-git\hotspot\src\share\vm\prims\jni.cpp, line 1615]
Event: 17.287 Thread 0x000000001db75800 Exception <a 'java/lang/NoSuchMethodError': <clinit>> (0x00000000dbe231a0) thrown at [C:\src\AOSP-openjdk-git\hotspot\src\share\vm\prims\jni.cpp, line 1615]
Event: 17.370 Thread 0x000000001db78800 Exception <a 'sun/nio/fs/WindowsException'> (0x00000000dc040988) thrown at [C:\src\AOSP-openjdk-git\hotspot\src\share\vm\prims\jni.cpp, line 710]
Event: 17.520 Thread 0x000000001e56f800 Exception <a 'java/lang/NoSuchMethodError': java.lang.Object.lambda$flatMap$1(Ljava/util/function/Function;Lorg/gradle/internal/Try;)Lorg/gradle/api/internal/artifacts/transform/CacheableInvocation;> (0x00000000dc405720) thrown at [C:\src\AOSP-openjdk-git
Event: 17.521 Thread 0x000000001e56c800 Exception <a 'java/lang/NoSuchMethodError': java.lang.Object.lambda$flatMap$4(Ljava/util/function/Function;)Lorg/gradle/api/internal/artifacts/transform/CacheableInvocation;> (0x00000000dba32610) thrown at [C:\src\AOSP-openjdk-git\hotspot\src\share\vm\int
Event: 17.521 Thread 0x000000001e56f800 Exception <a 'java/lang/NoSuchMethodError': java.lang.Object.lambda$flatMap$4(Ljava/util/function/Function;)Lorg/gradle/api/internal/artifacts/transform/CacheableInvocation;> (0x00000000dc409b50) thrown at [C:\src\AOSP-openjdk-git\hotspot\src\share\vm\int
Event: 17.521 Thread 0x000000001e56f800 Exception <a 'java/lang/NoSuchMethodError': java.lang.Object.lambda$flatMap$3(Ljava/util/function/Function;)Lorg/gradle/internal/Try;> (0x00000000dc40d890) thrown at [C:\src\AOSP-openjdk-git\hotspot\src\share\vm\interpreter\linkResolver.cpp, line 620]
Event: 17.580 Thread 0x000000001e56e000 Exception <a 'java/lang/NoSuchMethodError': java.lang.Object.lambda$flatMap$2(Ljava/util/function/Function;Ljava/lang/Object;)Lorg/gradle/internal/Try;> (0x00000000dc583af8) thrown at [C:\src\AOSP-openjdk-git\hotspot\src\share\vm\interpreter\linkResolver.

Events (10 events):
Event: 17.648 Executing VM operation: RevokeBias
Event: 17.649 Executing VM operation: RevokeBias done
Event: 17.781 Thread 0x000000001b10a000 Uncommon trap: trap_request=0xffffff65 fr.pc=0x0000000002d623bc
Event: 17.781 Thread 0x000000001b10a000 DEOPT PACKING pc=0x0000000002d623bc sp=0x000000001fcae200
Event: 17.781 Thread 0x000000001b10a000 DEOPT UNPACKING pc=0x00000000025c557b sp=0x000000001fcae0e8 mode 2
Event: 17.781 Thread 0x000000001b10a000 Uncommon trap: trap_request=0xffffff65 fr.pc=0x0000000002cd5700
Event: 17.781 Thread 0x000000001b10a000 DEOPT PACKING pc=0x0000000002cd5700 sp=0x000000001fcae1a0
Event: 17.781 Thread 0x000000001b10a000 DEOPT UNPACKING pc=0x00000000025c557b sp=0x000000001fcae0e0 mode 2
Event: 17.793 Executing VM operation: RevokeBias
Event: 17.794 Executing VM operation: RevokeBias done


Dynamic libraries:
0x00007ff6e3390000 - 0x00007ff6e33c1000 	C:\Program Files\Android\Android Studio\jre\bin\java.exe
0x00007ffe13db0000 - 0x00007ffe13fa5000 	C:\Windows\SYSTEM32\ntdll.dll
0x00007ffe13360000 - 0x00007ffe1341d000 	C:\Windows\System32\KERNEL32.DLL
0x00007ffe115c0000 - 0x00007ffe11889000 	C:\Windows\System32\KERNELBASE.dll
0x00007ffe12700000 - 0x00007ffe127ac000 	C:\Windows\System32\ADVAPI32.dll
0x00007ffe12660000 - 0x00007ffe126fe000 	C:\Windows\System32\msvcrt.dll
0x00007ffe125c0000 - 0x00007ffe1265c000 	C:\Windows\System32\sechost.dll
0x00007ffe12d80000 - 0x00007ffe12eab000 	C:\Windows\System32\RPCRT4.dll
0x00007ffe12be0000 - 0x00007ffe12d80000 	C:\Windows\System32\USER32.dll
0x00007ffe119d0000 - 0x00007ffe119f2000 	C:\Windows\System32\win32u.dll
0x00007ffe13a10000 - 0x00007ffe13a3a000 	C:\Windows\System32\GDI32.dll
0x00007ffe118c0000 - 0x00007ffe119cb000 	C:\Windows\System32\gdi32full.dll
0x00007ffe11c60000 - 0x00007ffe11cfd000 	C:\Windows\System32\msvcp_win.dll
0x00007ffe11b60000 - 0x00007ffe11c60000 	C:\Windows\System32\ucrtbase.dll
0x00007ffdfdbb0000 - 0x00007ffdfde4a000 	C:\Windows\WinSxS\amd64_microsoft.windows.common-controls_6595b64144ccf1df_6.0.19041.844_none_ca00b6081b84eb1d\COMCTL32.dll
0x00007ffe13d40000 - 0x00007ffe13d70000 	C:\Windows\System32\IMM32.DLL
0x000000005d420000 - 0x000000005d4f2000 	C:\Program Files\Android\Android Studio\jre\jre\bin\msvcr100.dll
0x000000005aa50000 - 0x000000005b29b000 	C:\Program Files\Android\Android Studio\jre\jre\bin\server\jvm.dll
0x00007ffe13a00000 - 0x00007ffe13a08000 	C:\Windows\System32\PSAPI.DLL
0x00007ffe0f050000 - 0x00007ffe0f059000 	C:\Windows\SYSTEM32\WSOCK32.dll
0x00007ffe13890000 - 0x00007ffe138fb000 	C:\Windows\System32\WS2_32.dll
0x00007ffe04e70000 - 0x00007ffe04e97000 	C:\Windows\SYSTEM32\WINMM.dll
0x00007ffe099f0000 - 0x00007ffe099fa000 	C:\Windows\SYSTEM32\VERSION.dll
0x00007ffdbf420000 - 0x00007ffdbf42f000 	C:\Program Files\Android\Android Studio\jre\jre\bin\verify.dll
0x00007ffdbf3f0000 - 0x00007ffdbf419000 	C:\Program Files\Android\Android Studio\jre\jre\bin\java.dll
0x00007ffdbf3d0000 - 0x00007ffdbf3e6000 	C:\Program Files\Android\Android Studio\jre\jre\bin\zip.dll
0x00007ffe11e70000 - 0x00007ffe125b2000 	C:\Windows\System32\SHELL32.dll
0x00007ffe0f650000 - 0x00007ffe0fde0000 	C:\Windows\SYSTEM32\windows.storage.dll
0x00007ffe12880000 - 0x00007ffe12bd5000 	C:\Windows\System32\combase.dll
0x00007ffe10f60000 - 0x00007ffe10f8c000 	C:\Windows\SYSTEM32\Wldp.dll
0x00007ffe12fe0000 - 0x00007ffe1308e000 	C:\Windows\System32\SHCORE.dll
0x00007ffe130a0000 - 0x00007ffe130f5000 	C:\Windows\System32\shlwapi.dll
0x00007ffe11430000 - 0x00007ffe1144f000 	C:\Windows\SYSTEM32\profapi.dll
0x00007ffdb39c0000 - 0x00007ffdb39da000 	C:\Program Files\Android\Android Studio\jre\jre\bin\net.dll
0x00007ffe10ce0000 - 0x00007ffe10d4a000 	C:\Windows\system32\mswsock.dll
0x00007ffdb2200000 - 0x00007ffdb2213000 	C:\Program Files\Android\Android Studio\jre\jre\bin\nio.dll
0x00007ffe0cc60000 - 0x00007ffe0cc87000 	C:\Users\hp\.gradle\native\f6784746aeab05261644944871eae4fe03e0ef1612fff0a4a95f87b438bc6780\windows-amd64\native-platform.dll
0x00007ffdbbae0000 - 0x00007ffdbbaed000 	C:\Program Files\Android\Android Studio\jre\jre\bin\management.dll
0x00007ffe10ec0000 - 0x00007ffe10ed8000 	C:\Windows\SYSTEM32\CRYPTSP.dll
0x00007ffe10610000 - 0x00007ffe10644000 	C:\Windows\system32\rsaenh.dll
0x00007ffe11890000 - 0x00007ffe118b7000 	C:\Windows\System32\bcrypt.dll
0x00007ffe113f0000 - 0x00007ffe1141e000 	C:\Windows\SYSTEM32\USERENV.dll
0x00007ffe114f0000 - 0x00007ffe11570000 	C:\Windows\System32\bcryptprimitives.dll
0x00007ffe10eb0000 - 0x00007ffe10ebc000 	C:\Windows\SYSTEM32\CRYPTBASE.dll
0x00007ffe10980000 - 0x00007ffe109bb000 	C:\Windows\SYSTEM32\IPHLPAPI.DLL
0x00007ffe13090000 - 0x00007ffe13098000 	C:\Windows\System32\NSI.dll
0x00007ffe08dc0000 - 0x00007ffe08dd7000 	C:\Windows\SYSTEM32\dhcpcsvc6.DLL
0x00007ffe09b10000 - 0x00007ffe09b2d000 	C:\Windows\SYSTEM32\dhcpcsvc.DLL
0x00007ffe109d0000 - 0x00007ffe10a9b000 	C:\Windows\SYSTEM32\DNSAPI.dll
0x00007ffe0a4f0000 - 0x00007ffe0a4fb000 	C:\Windows\SYSTEM32\WINNSI.DLL
0x00007ffe0ec70000 - 0x00007ffe0ee54000 	C:\Windows\SYSTEM32\dbghelp.dll

VM Arguments:
jvm_args: -Xmx2048m -Dfile.encoding=UTF-8 -Duser.country=IN -Duser.language=en -Duser.variant 
java_command: org.gradle.launcher.daemon.bootstrap.GradleDaemon 6.5
java_class_path (initial): C:\Users\hp\.gradle\wrapper\dists\gradle-6.5-bin\6nifqtx7604sqp1q6g8wikw7p\gradle-6.5\lib\gradle-launcher-6.5.jar
Launcher Type: SUN_STANDARD

Environment Variables:
PATH=C:\Program Files (x86)\Common Files\Oracle\Java\javapath;C:\Windows\system32;C:\Windows;C:\Windows\System32\Wbem;C:\Windows\System32\WindowsPowerShell\v1.0\;C:\Windows\System32\OpenSSH\;C:\Program Files\Git\cmd;C:\Program Files\dotnet\;C:\Users\hp\AppData\Local\Microsoft\WindowsApps;C:\Users\hp\AppData\Local\GitHubDesktop\bin;C:\ProgramData\hp\GitHubDesktop\bin
USERNAME=hp
OS=Windows_NT
PROCESSOR_IDENTIFIER=Intel64 Family 6 Model 78 Stepping 3, GenuineIntel



---------------  S Y S T E M  ---------------

OS: Windows 10.0 , 64 bit Build 19041 (10.0.19041.804)

CPU:total 4 (initial active 4) (2 cores per cpu, 2 threads per core) family 6 model 78 stepping 3, cmov, cx8, fxsr, mmx, sse, sse2, sse3, ssse3, sse4.1, sse4.2, popcnt, avx, avx2, aes, clmul, erms, 3dnowpref, lzcnt, ht, tsc, tscinvbit, bmi1, bmi2, adx

Memory: 4k page, physical 16612200k(6449304k free), swap 26049384k(11297060k free)

vm_info: OpenJDK 64-Bit Server VM (25.242-b01) for windows-amd64 JRE (1.8.0_242-release-1644-b01), built by "builder" with MS VC++ 10.0 (VS2010)

time: Tue Jun 15 16:53:27 2021
timezone: India Standard Time
elapsed time: 17 seconds (0d 0h 0m 17s)

